2014-05-23 18:26:08 Error: Fatal Error (4): syntax error, unexpected '(', expecting ')' in [/Applications/XAMPP/xamppfiles/htdocs/clients/viber/Config/database.php, line 56]
2014-05-23 18:26:08 Error: [FatalErrorException] syntax error, unexpected '(', expecting ')'
Request URL: /clients/viber/
Stack Trace:
#0 /Applications/XAMPP/xamppfiles/htdocs/clients/lib/Cake/Error/ErrorHandler.php(203): ErrorHandler::handleFatalError(4, 'syntax error, u...', '/Applications/X...', 56)
#1 [internal function]: ErrorHandler::handleError(4, 'syntax error, u...', '/Applications/X...', 56, Array)
#2 /Applications/XAMPP/xamppfiles/htdocs/clients/lib/Cake/Core/App.php(929): call_user_func('ErrorHandler::h...', 4, 'syntax error, u...', '/Applications/X...', 56, Array)
#3 /Applications/XAMPP/xamppfiles/htdocs/clients/lib/Cake/Core/App.php(902): App::_checkFatalError()
#4 [internal function]: App::shutdown()
#5 {main}
2014-05-23 18:27:12 Error: Fatal Error (4): syntax error, unexpected '.', expecting ')' in [/Applications/XAMPP/xamppfiles/htdocs/clients/viber/Config/database.php, line 56]
2014-05-23 18:27:12 Error: [FatalErrorException] syntax error, unexpected '.', expecting ')'
Request URL: /clients/viber/
Stack Trace:
#0 /Applications/XAMPP/xamppfiles/htdocs/clients/lib/Cake/Error/ErrorHandler.php(203): ErrorHandler::handleFatalError(4, 'syntax error, u...', '/Applications/X...', 56)
#1 [internal function]: ErrorHandler::handleError(4, 'syntax error, u...', '/Applications/X...', 56, Array)
#2 /Applications/XAMPP/xamppfiles/htdocs/clients/lib/Cake/Core/App.php(929): call_user_func('ErrorHandler::h...', 4, 'syntax error, u...', '/Applications/X...', 56, Array)
#3 /Applications/XAMPP/xamppfiles/htdocs/clients/lib/Cake/Core/App.php(902): App::_checkFatalError()
#4 [internal function]: App::shutdown()
#5 {main}
2014-05-23 18:45:56 Error: [CakeLogException] Could not load class DebugKitLogListenerLog
Request URL: /clients/viber/
Stack Trace:
#0 /Applications/XAMPP/xamppfiles/htdocs/clients/lib/Cake/Log/LogEngineCollection.php(40): LogEngineCollection::_getLogger('DebugKit.DebugK...')
#1 /Applications/XAMPP/xamppfiles/htdocs/clients/lib/Cake/Log/CakeLog.php(198): LogEngineCollection->load('debug_kit_log_p...', Array)
#2 /Applications/XAMPP/xamppfiles/htdocs/clients/plugins/DebugKit/Lib/Panel/LogPanel.php(27): CakeLog::config('debug_kit_log_p...', Array)
#3 /Applications/XAMPP/xamppfiles/htdocs/clients/plugins/DebugKit/Controller/Component/ToolbarComponent.php(413): LogPanel->__construct(Array)
#4 /Applications/XAMPP/xamppfiles/htdocs/clients/plugins/DebugKit/Controller/Component/ToolbarComponent.php(156): ToolbarComponent->_loadPanels(Array, Array)
#5 /Applications/XAMPP/xamppfiles/htdocs/clients/lib/Cake/Controller/ComponentCollection.php(116): ToolbarComponent->__construct(Object(ComponentCollection), Array)
#6 /Applications/XAMPP/xamppfiles/htdocs/clients/lib/Cake/Controller/ComponentCollection.php(53): ComponentCollection->load('DebugKit.Toolba...', Array)
#7 /Applications/XAMPP/xamppfiles/htdocs/clients/lib/Cake/Controller/Controller.php(643): ComponentCollection->init(Object(PagesController))
#8 /Applications/XAMPP/xamppfiles/htdocs/clients/lib/Cake/Routing/Dispatcher.php(181): Controller->constructClasses()
#9 /Applications/XAMPP/xamppfiles/htdocs/clients/lib/Cake/Routing/Dispatcher.php(160): Dispatcher->_invoke(Object(PagesController), Object(CakeRequest), Object(CakeResponse))
#10 /Applications/XAMPP/xamppfiles/htdocs/clients/viber/webroot/index.php(99): Dispatcher->dispatch(Object(CakeRequest), Object(CakeResponse))
#11 {main}
2014-05-23 19:16:22 Error: [MissingViewException] View file "/Applications/XAMPP/xamppfiles/htdocs/clients/viber/View/Pages/fetch.ctp" is missing.
Exception Attributes: array (
  'file' => '/Applications/XAMPP/xamppfiles/htdocs/clients/viber/View/Pages/fetch.ctp',
)
Request URL: /clients/viber/pages/fetch
Stack Trace:
#0 /Applications/XAMPP/xamppfiles/htdocs/clients/lib/Cake/View/View.php(463): View->_getViewFileName('fetch')
#1 /Applications/XAMPP/xamppfiles/htdocs/clients/lib/Cake/Controller/Controller.php(952): View->render('fetch', NULL)
#2 /Applications/XAMPP/xamppfiles/htdocs/clients/viber/Controller/PagesController.php(69): Controller->render('fetch')
#3 [internal function]: PagesController->display('fetch')
#4 /Applications/XAMPP/xamppfiles/htdocs/clients/lib/Cake/Controller/Controller.php(490): ReflectionMethod->invokeArgs(Object(PagesController), Array)
#5 /Applications/XAMPP/xamppfiles/htdocs/clients/lib/Cake/Routing/Dispatcher.php(185): Controller->invokeAction(Object(CakeRequest))
#6 /Applications/XAMPP/xamppfiles/htdocs/clients/lib/Cake/Routing/Dispatcher.php(160): Dispatcher->_invoke(Object(PagesController), Object(CakeRequest), Object(CakeResponse))
#7 /Applications/XAMPP/xamppfiles/htdocs/clients/viber/webroot/index.php(99): Dispatcher->dispatch(Object(CakeRequest), Object(CakeResponse))
#8 {main}
2014-05-23 19:16:40 Error: [PDOException] SQLSTATE[HY000]: General error: 14 unable to open database file
Request URL: /clients/viber/
Stack Trace:
#0 /Applications/XAMPP/xamppfiles/htdocs/clients/lib/Cake/Model/Datasource/DboSource.php(456): PDO->prepare('SELECT name FRO...', Array)
#1 /Applications/XAMPP/xamppfiles/htdocs/clients/lib/Cake/Model/Datasource/DboSource.php(424): DboSource->_execute('SELECT name FRO...', Array)
#2 /Applications/XAMPP/xamppfiles/htdocs/clients/lib/Cake/Model/Datasource/DboSource.php(665): DboSource->execute('SELECT name FRO...', Array, Array)
#3 /Applications/XAMPP/xamppfiles/htdocs/clients/lib/Cake/Model/Datasource/Database/Sqlite.php(145): DboSource->fetchAll('SELECT name FRO...', false)
#4 /Applications/XAMPP/xamppfiles/htdocs/clients/lib/Cake/Model/Model.php(1132): Sqlite->listSources()
#5 /Applications/XAMPP/xamppfiles/htdocs/clients/lib/Cake/Model/Model.php(3498): Model->setSource('Messages')
#6 /Applications/XAMPP/xamppfiles/htdocs/clients/viber/Controller/PagesController.php(37): Model->getDataSource()
#7 [internal function]: PagesController->fetch('home')
#8 /Applications/XAMPP/xamppfiles/htdocs/clients/lib/Cake/Controller/Controller.php(490): ReflectionMethod->invokeArgs(Object(PagesController), Array)
#9 /Applications/XAMPP/xamppfiles/htdocs/clients/lib/Cake/Routing/Dispatcher.php(185): Controller->invokeAction(Object(CakeRequest))
#10 /Applications/XAMPP/xamppfiles/htdocs/clients/lib/Cake/Routing/Dispatcher.php(160): Dispatcher->_invoke(Object(PagesController), Object(CakeRequest), Object(CakeResponse))
#11 /Applications/XAMPP/xamppfiles/htdocs/clients/viber/webroot/index.php(99): Dispatcher->dispatch(Object(CakeRequest), Object(CakeResponse))
#12 {main}
2014-05-23 19:20:13 Error: [PDOException] SQLSTATE[HY000]: General error: 14 unable to open database file
Request URL: /clients/viber/
Stack Trace:
#0 /Applications/XAMPP/xamppfiles/htdocs/clients/lib/Cake/Model/Datasource/DboSource.php(456): PDO->prepare('SELECT name FRO...', Array)
#1 /Applications/XAMPP/xamppfiles/htdocs/clients/lib/Cake/Model/Datasource/DboSource.php(424): DboSource->_execute('SELECT name FRO...', Array)
#2 /Applications/XAMPP/xamppfiles/htdocs/clients/lib/Cake/Model/Datasource/DboSource.php(665): DboSource->execute('SELECT name FRO...', Array, Array)
#3 /Applications/XAMPP/xamppfiles/htdocs/clients/lib/Cake/Model/Datasource/Database/Sqlite.php(145): DboSource->fetchAll('SELECT name FRO...', false)
#4 /Applications/XAMPP/xamppfiles/htdocs/clients/viber/Controller/PagesController.php(38): Sqlite->listSources()
#5 [internal function]: PagesController->fetch('home')
#6 /Applications/XAMPP/xamppfiles/htdocs/clients/lib/Cake/Controller/Controller.php(490): ReflectionMethod->invokeArgs(Object(PagesController), Array)
#7 /Applications/XAMPP/xamppfiles/htdocs/clients/lib/Cake/Routing/Dispatcher.php(185): Controller->invokeAction(Object(CakeRequest))
#8 /Applications/XAMPP/xamppfiles/htdocs/clients/lib/Cake/Routing/Dispatcher.php(160): Dispatcher->_invoke(Object(PagesController), Object(CakeRequest), Object(CakeResponse))
#9 /Applications/XAMPP/xamppfiles/htdocs/clients/viber/webroot/index.php(99): Dispatcher->dispatch(Object(CakeRequest), Object(CakeResponse))
#10 {main}
2014-05-23 19:22:55 Error: [MissingDatasourceConfigException] The datasource configuration "" was not found in database.php
Exception Attributes: array (
  'config' => NULL,
)
Request URL: /clients/viber/
Stack Trace:
#0 /Applications/XAMPP/xamppfiles/htdocs/clients/lib/Cake/Model/ConnectionManager.php(91): ConnectionManager::_getConnectionObject(NULL)
#1 /Applications/XAMPP/xamppfiles/htdocs/clients/viber/Controller/PagesController.php(38): ConnectionManager::getDataSource(NULL)
#2 [internal function]: PagesController->fetch('home')
#3 /Applications/XAMPP/xamppfiles/htdocs/clients/lib/Cake/Controller/Controller.php(490): ReflectionMethod->invokeArgs(Object(PagesController), Array)
#4 /Applications/XAMPP/xamppfiles/htdocs/clients/lib/Cake/Routing/Dispatcher.php(185): Controller->invokeAction(Object(CakeRequest))
#5 /Applications/XAMPP/xamppfiles/htdocs/clients/lib/Cake/Routing/Dispatcher.php(160): Dispatcher->_invoke(Object(PagesController), Object(CakeRequest), Object(CakeResponse))
#6 /Applications/XAMPP/xamppfiles/htdocs/clients/viber/webroot/index.php(99): Dispatcher->dispatch(Object(CakeRequest), Object(CakeResponse))
#7 {main}
2014-05-23 19:23:06 Error: [PDOException] SQLSTATE[HY000]: General error: 14 unable to open database file
Request URL: /clients/viber/
Stack Trace:
#0 /Applications/XAMPP/xamppfiles/htdocs/clients/lib/Cake/Model/Datasource/DboSource.php(456): PDO->prepare('SELECT name FRO...', Array)
#1 /Applications/XAMPP/xamppfiles/htdocs/clients/lib/Cake/Model/Datasource/DboSource.php(424): DboSource->_execute('SELECT name FRO...', Array)
#2 /Applications/XAMPP/xamppfiles/htdocs/clients/lib/Cake/Model/Datasource/DboSource.php(665): DboSource->execute('SELECT name FRO...', Array, Array)
#3 /Applications/XAMPP/xamppfiles/htdocs/clients/lib/Cake/Model/Datasource/Database/Sqlite.php(145): DboSource->fetchAll('SELECT name FRO...', false)
#4 /Applications/XAMPP/xamppfiles/htdocs/clients/viber/Controller/PagesController.php(40): Sqlite->listSources()
#5 [internal function]: PagesController->fetch('home')
#6 /Applications/XAMPP/xamppfiles/htdocs/clients/lib/Cake/Controller/Controller.php(490): ReflectionMethod->invokeArgs(Object(PagesController), Array)
#7 /Applications/XAMPP/xamppfiles/htdocs/clients/lib/Cake/Routing/Dispatcher.php(185): Controller->invokeAction(Object(CakeRequest))
#8 /Applications/XAMPP/xamppfiles/htdocs/clients/lib/Cake/Routing/Dispatcher.php(160): Dispatcher->_invoke(Object(PagesController), Object(CakeRequest), Object(CakeResponse))
#9 /Applications/XAMPP/xamppfiles/htdocs/clients/viber/webroot/index.php(99): Dispatcher->dispatch(Object(CakeRequest), Object(CakeResponse))
#10 {main}
2014-05-23 19:24:07 Error: [PDOException] SQLSTATE[HY000]: General error: 14 unable to open database file
Request URL: /clients/viber/
Stack Trace:
#0 /Applications/XAMPP/xamppfiles/htdocs/clients/lib/Cake/Model/Datasource/DboSource.php(456): PDO->prepare('SELECT name FRO...', Array)
#1 /Applications/XAMPP/xamppfiles/htdocs/clients/lib/Cake/Model/Datasource/DboSource.php(424): DboSource->_execute('SELECT name FRO...', Array)
#2 /Applications/XAMPP/xamppfiles/htdocs/clients/lib/Cake/Model/Datasource/DboSource.php(665): DboSource->execute('SELECT name FRO...', Array, Array)
#3 /Applications/XAMPP/xamppfiles/htdocs/clients/lib/Cake/Model/Datasource/Database/Sqlite.php(145): DboSource->fetchAll('SELECT name FRO...', false)
#4 /Applications/XAMPP/xamppfiles/htdocs/clients/viber/Controller/PagesController.php(40): Sqlite->listSources()
#5 [internal function]: PagesController->fetch('home')
#6 /Applications/XAMPP/xamppfiles/htdocs/clients/lib/Cake/Controller/Controller.php(490): ReflectionMethod->invokeArgs(Object(PagesController), Array)
#7 /Applications/XAMPP/xamppfiles/htdocs/clients/lib/Cake/Routing/Dispatcher.php(185): Controller->invokeAction(Object(CakeRequest))
#8 /Applications/XAMPP/xamppfiles/htdocs/clients/lib/Cake/Routing/Dispatcher.php(160): Dispatcher->_invoke(Object(PagesController), Object(CakeRequest), Object(CakeResponse))
#9 /Applications/XAMPP/xamppfiles/htdocs/clients/viber/webroot/index.php(99): Dispatcher->dispatch(Object(CakeRequest), Object(CakeResponse))
#10 {main}
2014-05-23 19:24:08 Error: [PDOException] SQLSTATE[HY000]: General error: 14 unable to open database file
Request URL: /clients/viber/
Stack Trace:
#0 /Applications/XAMPP/xamppfiles/htdocs/clients/lib/Cake/Model/Datasource/DboSource.php(456): PDO->prepare('SELECT name FRO...', Array)
#1 /Applications/XAMPP/xamppfiles/htdocs/clients/lib/Cake/Model/Datasource/DboSource.php(424): DboSource->_execute('SELECT name FRO...', Array)
#2 /Applications/XAMPP/xamppfiles/htdocs/clients/lib/Cake/Model/Datasource/DboSource.php(665): DboSource->execute('SELECT name FRO...', Array, Array)
#3 /Applications/XAMPP/xamppfiles/htdocs/clients/lib/Cake/Model/Datasource/Database/Sqlite.php(145): DboSource->fetchAll('SELECT name FRO...', false)
#4 /Applications/XAMPP/xamppfiles/htdocs/clients/viber/Controller/PagesController.php(40): Sqlite->listSources()
#5 [internal function]: PagesController->fetch('home')
#6 /Applications/XAMPP/xamppfiles/htdocs/clients/lib/Cake/Controller/Controller.php(490): ReflectionMethod->invokeArgs(Object(PagesController), Array)
#7 /Applications/XAMPP/xamppfiles/htdocs/clients/lib/Cake/Routing/Dispatcher.php(185): Controller->invokeAction(Object(CakeRequest))
#8 /Applications/XAMPP/xamppfiles/htdocs/clients/lib/Cake/Routing/Dispatcher.php(160): Dispatcher->_invoke(Object(PagesController), Object(CakeRequest), Object(CakeResponse))
#9 /Applications/XAMPP/xamppfiles/htdocs/clients/viber/webroot/index.php(99): Dispatcher->dispatch(Object(CakeRequest), Object(CakeResponse))
#10 {main}
2014-05-23 19:25:04 Error: [PDOException] SQLSTATE[HY000]: General error: 14 unable to open database file
Request URL: /clients/viber/
Stack Trace:
#0 /Applications/XAMPP/xamppfiles/htdocs/clients/lib/Cake/Model/Datasource/DboSource.php(456): PDO->prepare('SELECT name FRO...', Array)
#1 /Applications/XAMPP/xamppfiles/htdocs/clients/lib/Cake/Model/Datasource/DboSource.php(424): DboSource->_execute('SELECT name FRO...', Array)
#2 /Applications/XAMPP/xamppfiles/htdocs/clients/lib/Cake/Model/Datasource/DboSource.php(665): DboSource->execute('SELECT name FRO...', Array, Array)
#3 /Applications/XAMPP/xamppfiles/htdocs/clients/lib/Cake/Model/Datasource/Database/Sqlite.php(145): DboSource->fetchAll('SELECT name FRO...', false)
#4 /Applications/XAMPP/xamppfiles/htdocs/clients/viber/Controller/PagesController.php(41): Sqlite->listSources()
#5 [internal function]: PagesController->fetch('home')
#6 /Applications/XAMPP/xamppfiles/htdocs/clients/lib/Cake/Controller/Controller.php(490): ReflectionMethod->invokeArgs(Object(PagesController), Array)
#7 /Applications/XAMPP/xamppfiles/htdocs/clients/lib/Cake/Routing/Dispatcher.php(185): Controller->invokeAction(Object(CakeRequest))
#8 /Applications/XAMPP/xamppfiles/htdocs/clients/lib/Cake/Routing/Dispatcher.php(160): Dispatcher->_invoke(Object(PagesController), Object(CakeRequest), Object(CakeResponse))
#9 /Applications/XAMPP/xamppfiles/htdocs/clients/viber/webroot/index.php(99): Dispatcher->dispatch(Object(CakeRequest), Object(CakeResponse))
#10 {main}
2014-05-23 19:27:01 Error: [PDOException] SQLSTATE[HY000]: General error: 14 unable to open database file
Request URL: /clients/viber/
Stack Trace:
#0 /Applications/XAMPP/xamppfiles/htdocs/clients/lib/Cake/Model/Datasource/DboSource.php(456): PDO->prepare('SELECT name FRO...', Array)
#1 /Applications/XAMPP/xamppfiles/htdocs/clients/lib/Cake/Model/Datasource/DboSource.php(424): DboSource->_execute('SELECT name FRO...', Array)
#2 /Applications/XAMPP/xamppfiles/htdocs/clients/lib/Cake/Model/Datasource/DboSource.php(665): DboSource->execute('SELECT name FRO...', Array, Array)
#3 /Applications/XAMPP/xamppfiles/htdocs/clients/lib/Cake/Model/Datasource/Database/Sqlite.php(145): DboSource->fetchAll('SELECT name FRO...', false)
#4 /Applications/XAMPP/xamppfiles/htdocs/clients/viber/Controller/PagesController.php(41): Sqlite->listSources()
#5 [internal function]: PagesController->fetch('home')
#6 /Applications/XAMPP/xamppfiles/htdocs/clients/lib/Cake/Controller/Controller.php(490): ReflectionMethod->invokeArgs(Object(PagesController), Array)
#7 /Applications/XAMPP/xamppfiles/htdocs/clients/lib/Cake/Routing/Dispatcher.php(185): Controller->invokeAction(Object(CakeRequest))
#8 /Applications/XAMPP/xamppfiles/htdocs/clients/lib/Cake/Routing/Dispatcher.php(160): Dispatcher->_invoke(Object(PagesController), Object(CakeRequest), Object(CakeResponse))
#9 /Applications/XAMPP/xamppfiles/htdocs/clients/viber/webroot/index.php(99): Dispatcher->dispatch(Object(CakeRequest), Object(CakeResponse))
#10 {main}
2014-05-23 19:27:08 Error: [MissingDatasourceException] Datasource class Sqlite3 could not be found. 
Exception Attributes: array (
  'class' => 'Sqlite3',
  'plugin' => NULL,
  'message' => 'Datasource is not found in Model/Datasource package.',
)
Request URL: /clients/viber/
Stack Trace:
#0 /Applications/XAMPP/xamppfiles/htdocs/clients/viber/Controller/PagesController.php(38): ConnectionManager::getDataSource('default')
#1 [internal function]: PagesController->fetch('home')
#2 /Applications/XAMPP/xamppfiles/htdocs/clients/lib/Cake/Controller/Controller.php(490): ReflectionMethod->invokeArgs(Object(PagesController), Array)
#3 /Applications/XAMPP/xamppfiles/htdocs/clients/lib/Cake/Routing/Dispatcher.php(185): Controller->invokeAction(Object(CakeRequest))
#4 /Applications/XAMPP/xamppfiles/htdocs/clients/lib/Cake/Routing/Dispatcher.php(160): Dispatcher->_invoke(Object(PagesController), Object(CakeRequest), Object(CakeResponse))
#5 /Applications/XAMPP/xamppfiles/htdocs/clients/viber/webroot/index.php(99): Dispatcher->dispatch(Object(CakeRequest), Object(CakeResponse))
#6 {main}
2014-05-23 19:28:23 Error: [MissingDatasourceException] Datasource class Sqlite3 could not be found. 
Exception Attributes: array (
  'class' => 'Sqlite3',
  'plugin' => NULL,
  'message' => 'Datasource is not found in Model/Datasource package.',
)
Request URL: /clients/viber/
Stack Trace:
#0 /Applications/XAMPP/xamppfiles/htdocs/clients/viber/Controller/PagesController.php(38): ConnectionManager::getDataSource('default')
#1 [internal function]: PagesController->fetch('home')
#2 /Applications/XAMPP/xamppfiles/htdocs/clients/lib/Cake/Controller/Controller.php(490): ReflectionMethod->invokeArgs(Object(PagesController), Array)
#3 /Applications/XAMPP/xamppfiles/htdocs/clients/lib/Cake/Routing/Dispatcher.php(185): Controller->invokeAction(Object(CakeRequest))
#4 /Applications/XAMPP/xamppfiles/htdocs/clients/lib/Cake/Routing/Dispatcher.php(160): Dispatcher->_invoke(Object(PagesController), Object(CakeRequest), Object(CakeResponse))
#5 /Applications/XAMPP/xamppfiles/htdocs/clients/viber/webroot/index.php(99): Dispatcher->dispatch(Object(CakeRequest), Object(CakeResponse))
#6 {main}
2014-05-23 19:28:24 Error: [MissingDatasourceException] Datasource class Sqlite3 could not be found. 
Exception Attributes: array (
  'class' => 'Sqlite3',
  'plugin' => NULL,
  'message' => 'Datasource is not found in Model/Datasource package.',
)
Request URL: /clients/viber/
Stack Trace:
#0 /Applications/XAMPP/xamppfiles/htdocs/clients/viber/Controller/PagesController.php(38): ConnectionManager::getDataSource('default')
#1 [internal function]: PagesController->fetch('home')
#2 /Applications/XAMPP/xamppfiles/htdocs/clients/lib/Cake/Controller/Controller.php(490): ReflectionMethod->invokeArgs(Object(PagesController), Array)
#3 /Applications/XAMPP/xamppfiles/htdocs/clients/lib/Cake/Routing/Dispatcher.php(185): Controller->invokeAction(Object(CakeRequest))
#4 /Applications/XAMPP/xamppfiles/htdocs/clients/lib/Cake/Routing/Dispatcher.php(160): Dispatcher->_invoke(Object(PagesController), Object(CakeRequest), Object(CakeResponse))
#5 /Applications/XAMPP/xamppfiles/htdocs/clients/viber/webroot/index.php(99): Dispatcher->dispatch(Object(CakeRequest), Object(CakeResponse))
#6 {main}
2014-05-23 19:30:42 Error: [PDOException] SQLSTATE[HY000]: General error: 14 unable to open database file
Request URL: /clients/viber/
Stack Trace:
#0 /Applications/XAMPP/xamppfiles/htdocs/clients/lib/Cake/Model/Datasource/DboSource.php(456): PDO->prepare('SELECT name FRO...', Array)
#1 /Applications/XAMPP/xamppfiles/htdocs/clients/lib/Cake/Model/Datasource/DboSource.php(424): DboSource->_execute('SELECT name FRO...', Array)
#2 /Applications/XAMPP/xamppfiles/htdocs/clients/lib/Cake/Model/Datasource/DboSource.php(665): DboSource->execute('SELECT name FRO...', Array, Array)
#3 /Applications/XAMPP/xamppfiles/htdocs/clients/lib/Cake/Model/Datasource/Database/Sqlite.php(145): DboSource->fetchAll('SELECT name FRO...', false)
#4 /Applications/XAMPP/xamppfiles/htdocs/clients/viber/Controller/PagesController.php(41): Sqlite->listSources()
#5 [internal function]: PagesController->fetch('home')
#6 /Applications/XAMPP/xamppfiles/htdocs/clients/lib/Cake/Controller/Controller.php(490): ReflectionMethod->invokeArgs(Object(PagesController), Array)
#7 /Applications/XAMPP/xamppfiles/htdocs/clients/lib/Cake/Routing/Dispatcher.php(185): Controller->invokeAction(Object(CakeRequest))
#8 /Applications/XAMPP/xamppfiles/htdocs/clients/lib/Cake/Routing/Dispatcher.php(160): Dispatcher->_invoke(Object(PagesController), Object(CakeRequest), Object(CakeResponse))
#9 /Applications/XAMPP/xamppfiles/htdocs/clients/viber/webroot/index.php(99): Dispatcher->dispatch(Object(CakeRequest), Object(CakeResponse))
#10 {main}
2014-05-23 19:36:09 Error: [MissingConnectionException] Database connection "Sqlite" is missing, or could not be created.
Exception Attributes: array (
  'class' => 'Sqlite',
  'message' => 'SQLSTATE[HY000] [14] unable to open database file',
  'enabled' => true,
)
Request URL: /clients/viber/
Stack Trace:
#0 /Applications/XAMPP/xamppfiles/htdocs/clients/lib/Cake/Model/Datasource/DboSource.php(260): Sqlite->connect()
#1 /Applications/XAMPP/xamppfiles/htdocs/clients/lib/Cake/Model/ConnectionManager.php(105): DboSource->__construct(Array)
#2 /Applications/XAMPP/xamppfiles/htdocs/clients/viber/Controller/PagesController.php(38): ConnectionManager::getDataSource('default')
#3 [internal function]: PagesController->fetch('home')
#4 /Applications/XAMPP/xamppfiles/htdocs/clients/lib/Cake/Controller/Controller.php(490): ReflectionMethod->invokeArgs(Object(PagesController), Array)
#5 /Applications/XAMPP/xamppfiles/htdocs/clients/lib/Cake/Routing/Dispatcher.php(185): Controller->invokeAction(Object(CakeRequest))
#6 /Applications/XAMPP/xamppfiles/htdocs/clients/lib/Cake/Routing/Dispatcher.php(160): Dispatcher->_invoke(Object(PagesController), Object(CakeRequest), Object(CakeResponse))
#7 /Applications/XAMPP/xamppfiles/htdocs/clients/viber/webroot/index.php(99): Dispatcher->dispatch(Object(CakeRequest), Object(CakeResponse))
#8 {main}
2014-05-23 19:36:29 Error: [PDOException] SQLSTATE[HY000]: General error: 14 unable to open database file
Request URL: /clients/viber/
Stack Trace:
#0 /Applications/XAMPP/xamppfiles/htdocs/clients/lib/Cake/Model/Datasource/DboSource.php(456): PDO->prepare('SELECT name FRO...', Array)
#1 /Applications/XAMPP/xamppfiles/htdocs/clients/lib/Cake/Model/Datasource/DboSource.php(424): DboSource->_execute('SELECT name FRO...', Array)
#2 /Applications/XAMPP/xamppfiles/htdocs/clients/lib/Cake/Model/Datasource/DboSource.php(665): DboSource->execute('SELECT name FRO...', Array, Array)
#3 /Applications/XAMPP/xamppfiles/htdocs/clients/lib/Cake/Model/Datasource/Database/Sqlite.php(145): DboSource->fetchAll('SELECT name FRO...', false)
#4 /Applications/XAMPP/xamppfiles/htdocs/clients/viber/Controller/PagesController.php(41): Sqlite->listSources()
#5 [internal function]: PagesController->fetch('home')
#6 /Applications/XAMPP/xamppfiles/htdocs/clients/lib/Cake/Controller/Controller.php(490): ReflectionMethod->invokeArgs(Object(PagesController), Array)
#7 /Applications/XAMPP/xamppfiles/htdocs/clients/lib/Cake/Routing/Dispatcher.php(185): Controller->invokeAction(Object(CakeRequest))
#8 /Applications/XAMPP/xamppfiles/htdocs/clients/lib/Cake/Routing/Dispatcher.php(160): Dispatcher->_invoke(Object(PagesController), Object(CakeRequest), Object(CakeResponse))
#9 /Applications/XAMPP/xamppfiles/htdocs/clients/viber/webroot/index.php(99): Dispatcher->dispatch(Object(CakeRequest), Object(CakeResponse))
#10 {main}
2014-05-23 19:55:04 Error: [MissingConnectionException] Database connection "Sqlite" is missing, or could not be created.
Exception Attributes: array (
  'class' => 'Sqlite',
  'message' => 'SQLSTATE[HY000] [14] unable to open database file',
  'enabled' => true,
)
Request URL: /clients/viber/
Stack Trace:
#0 /Applications/XAMPP/xamppfiles/htdocs/clients/lib/Cake/Model/Datasource/DboSource.php(260): Sqlite->connect()
#1 /Applications/XAMPP/xamppfiles/htdocs/clients/lib/Cake/Model/ConnectionManager.php(105): DboSource->__construct(Array)
#2 /Applications/XAMPP/xamppfiles/htdocs/clients/viber/Controller/PagesController.php(38): ConnectionManager::getDataSource('default')
#3 [internal function]: PagesController->fetch('home')
#4 /Applications/XAMPP/xamppfiles/htdocs/clients/lib/Cake/Controller/Controller.php(490): ReflectionMethod->invokeArgs(Object(PagesController), Array)
#5 /Applications/XAMPP/xamppfiles/htdocs/clients/lib/Cake/Routing/Dispatcher.php(185): Controller->invokeAction(Object(CakeRequest))
#6 /Applications/XAMPP/xamppfiles/htdocs/clients/lib/Cake/Routing/Dispatcher.php(160): Dispatcher->_invoke(Object(PagesController), Object(CakeRequest), Object(CakeResponse))
#7 /Applications/XAMPP/xamppfiles/htdocs/clients/viber/webroot/index.php(99): Dispatcher->dispatch(Object(CakeRequest), Object(CakeResponse))
#8 {main}
2014-05-23 21:53:18 Error: Fatal Error (4): syntax error, unexpected '<' in [/Applications/XAMPP/xamppfiles/htdocs/clients/viber/View/Pages/fetch.ctp, line 5]
2014-05-23 21:53:18 Error: [FatalErrorException] syntax error, unexpected '<'
Request URL: /clients/viber/
Stack Trace:
#0 /Applications/XAMPP/xamppfiles/htdocs/clients/lib/Cake/Error/ErrorHandler.php(203): ErrorHandler::handleFatalError(4, 'syntax error, u...', '/Applications/X...', 5)
#1 [internal function]: ErrorHandler::handleError(4, 'syntax error, u...', '/Applications/X...', 5, Array)
#2 /Applications/XAMPP/xamppfiles/htdocs/clients/lib/Cake/Core/App.php(929): call_user_func('ErrorHandler::h...', 4, 'syntax error, u...', '/Applications/X...', 5, Array)
#3 /Applications/XAMPP/xamppfiles/htdocs/clients/lib/Cake/Core/App.php(902): App::_checkFatalError()
#4 [internal function]: App::shutdown()
#5 {main}
2014-05-31 05:06:49 Error: parse error, expecting `')'' in [/Applications/XAMPP/xamppfiles/htdocs/clients/viber/Config/database.php, line 56]
2014-05-31 05:09:45 Warning: Invalid argument supplied for foreach() in [/Applications/XAMPP/xamppfiles/htdocs/clients/lib/Cake/Model/Datasource/Database/Sqlite.php, line 176]
2014-05-31 05:09:45 Error: Call to a member function closeCursor() on a non-object in [/Applications/XAMPP/xamppfiles/htdocs/clients/lib/Cake/Model/Datasource/Database/Sqlite.php, line 195]
2014-05-31 05:10:47 Warning: Invalid argument supplied for foreach() in [/Applications/XAMPP/xamppfiles/htdocs/clients/lib/Cake/Model/Datasource/Database/Sqlite.php, line 176]
2014-05-31 05:10:47 Error: Call to a member function closeCursor() on a non-object in [/Applications/XAMPP/xamppfiles/htdocs/clients/lib/Cake/Model/Datasource/Database/Sqlite.php, line 195]
2014-05-31 05:11:29 Warning: Invalid argument supplied for foreach() in [/Applications/XAMPP/xamppfiles/htdocs/clients/lib/Cake/Model/Datasource/Database/Sqlite.php, line 176]
2014-05-31 05:11:29 Error: Call to a member function closeCursor() on a non-object in [/Applications/XAMPP/xamppfiles/htdocs/clients/lib/Cake/Model/Datasource/Database/Sqlite.php, line 195]
2014-05-31 05:11:46 Warning: Invalid argument supplied for foreach() in [/Applications/XAMPP/xamppfiles/htdocs/clients/lib/Cake/Model/Datasource/Database/Sqlite.php, line 176]
2014-05-31 05:11:46 Error: Call to a member function closeCursor() on a non-object in [/Applications/XAMPP/xamppfiles/htdocs/clients/lib/Cake/Model/Datasource/Database/Sqlite.php, line 195]
2014-05-31 05:25:52 Error: Class 'CakeEmail' not found in [/Applications/XAMPP/xamppfiles/htdocs/clients/viber/Console/Command/ViberShell.php, line 250]
